<?xml version="1.0" encoding="UTF-8"?>
<testExecutions version="1">
  <file path="C:\Users\aloanand\Desktop\courses\photowall\src\Components\__tests__\AddPhoto.test.js">
    <testCase name="Testing AddPhoto /&gt; should render AddPhoto" duration="80"/>
  </file>
  <file path="C:\Users\aloanand\Desktop\courses\photowall\src\Components\__tests__\Photo.test.js">
    <testCase name="Testing Photo /&gt; should render Photo" duration="81">
      <failure message="TypeError: Cannot read properties of undefined (reading &apos;imageLink&apos;)"><![CDATA[TypeError: Cannot read properties of undefined (reading 'imageLink')
    at Photo (C:\Users\aloanand\Desktop\courses\photowall\src\Components\Photo.js:8:42)
    at renderWithHooks (C:\Users\aloanand\Desktop\courses\photowall\node_modules\react-dom\cjs\react-dom.development.js:16305:18)
    at mountIndeterminateComponent (C:\Users\aloanand\Desktop\courses\photowall\node_modules\react-dom\cjs\react-dom.development.js:20074:13)
    at beginWork (C:\Users\aloanand\Desktop\courses\photowall\node_modules\react-dom\cjs\react-dom.development.js:21587:16)
    at beginWork$1 (C:\Users\aloanand\Desktop\courses\photowall\node_modules\react-dom\cjs\react-dom.development.js:27426:14)
    at performUnitOfWork (C:\Users\aloanand\Desktop\courses\photowall\node_modules\react-dom\cjs\react-dom.development.js:26560:12)
    at workLoopSync (C:\Users\aloanand\Desktop\courses\photowall\node_modules\react-dom\cjs\react-dom.development.js:26466:5)
    at renderRootSync (C:\Users\aloanand\Desktop\courses\photowall\node_modules\react-dom\cjs\react-dom.development.js:26434:7)
    at recoverFromConcurrentError (C:\Users\aloanand\Desktop\courses\photowall\node_modules\react-dom\cjs\react-dom.development.js:25850:20)
    at performConcurrentWorkOnRoot (C:\Users\aloanand\Desktop\courses\photowall\node_modules\react-dom\cjs\react-dom.development.js:25750:22)
    at flushActQueue (C:\Users\aloanand\Desktop\courses\photowall\node_modules\react\cjs\react.development.js:2667:24)
    at act (C:\Users\aloanand\Desktop\courses\photowall\node_modules\react\cjs\react.development.js:2582:11)
    at C:\Users\aloanand\Desktop\courses\photowall\node_modules\@testing-library\react\dist\act-compat.js:63:25
    at renderRoot (C:\Users\aloanand\Desktop\courses\photowall\node_modules\@testing-library\react\dist\pure.js:159:26)
    at render (C:\Users\aloanand\Desktop\courses\photowall\node_modules\@testing-library\react\dist\pure.js:246:10)
    at Object.<anonymous> (C:\Users\aloanand\Desktop\courses\photowall\src\Components\__tests__\Photo.test.js:11:11)
    at Promise.then.completed (C:\Users\aloanand\Desktop\courses\photowall\node_modules\jest-circus\build\utils.js:391:28)
    at new Promise (<anonymous>)
    at callAsyncCircusFn (C:\Users\aloanand\Desktop\courses\photowall\node_modules\jest-circus\build\utils.js:316:10)
    at _callCircusTest (C:\Users\aloanand\Desktop\courses\photowall\node_modules\jest-circus\build\run.js:218:40)
    at processTicksAndRejections (node:internal/process/task_queues:96:5)
    at _runTest (C:\Users\aloanand\Desktop\courses\photowall\node_modules\jest-circus\build\run.js:155:3)
    at _runTestsForDescribeBlock (C:\Users\aloanand\Desktop\courses\photowall\node_modules\jest-circus\build\run.js:66:9)
    at _runTestsForDescribeBlock (C:\Users\aloanand\Desktop\courses\photowall\node_modules\jest-circus\build\run.js:60:9)
    at run (C:\Users\aloanand\Desktop\courses\photowall\node_modules\jest-circus\build\run.js:25:3)
    at runAndTransformResultsToJestFormat (C:\Users\aloanand\Desktop\courses\photowall\node_modules\jest-circus\build\legacy-code-todo-rewrite\jestAdapterInit.js:170:21)
    at jestAdapter (C:\Users\aloanand\Desktop\courses\photowall\node_modules\jest-circus\build\legacy-code-todo-rewrite\jestAdapter.js:82:19)
    at runTestInternal (C:\Users\aloanand\Desktop\courses\photowall\node_modules\jest-runner\build\runTest.js:389:16)
    at runTest (C:\Users\aloanand\Desktop\courses\photowall\node_modules\jest-runner\build\runTest.js:475:34)
    at Object.worker (C:\Users\aloanand\Desktop\courses\photowall\node_modules\jest-runner\build\testWorker.js:133:12)]]></failure>
    </testCase>
  </file>
  <file path="C:\Users\aloanand\Desktop\courses\photowall\src\Components\__tests__\Main.test.js">
    <testCase name="Testing Main /&gt; should render Main" duration="116">
      <failure message="TypeError: Cannot read properties of undefined (reading &apos;sort&apos;)"><![CDATA[TypeError: Cannot read properties of undefined (reading 'sort')
    at PhotoWall (C:\Users\aloanand\Desktop\courses\photowall\src\Components\PhotoWall.js:11:14)
    at renderWithHooks (C:\Users\aloanand\Desktop\courses\photowall\node_modules\react-dom\cjs\react-dom.development.js:16305:18)
    at mountIndeterminateComponent (C:\Users\aloanand\Desktop\courses\photowall\node_modules\react-dom\cjs\react-dom.development.js:20074:13)
    at beginWork (C:\Users\aloanand\Desktop\courses\photowall\node_modules\react-dom\cjs\react-dom.development.js:21587:16)
    at beginWork$1 (C:\Users\aloanand\Desktop\courses\photowall\node_modules\react-dom\cjs\react-dom.development.js:27426:14)
    at performUnitOfWork (C:\Users\aloanand\Desktop\courses\photowall\node_modules\react-dom\cjs\react-dom.development.js:26560:12)
    at workLoopSync (C:\Users\aloanand\Desktop\courses\photowall\node_modules\react-dom\cjs\react-dom.development.js:26466:5)
    at renderRootSync (C:\Users\aloanand\Desktop\courses\photowall\node_modules\react-dom\cjs\react-dom.development.js:26434:7)
    at recoverFromConcurrentError (C:\Users\aloanand\Desktop\courses\photowall\node_modules\react-dom\cjs\react-dom.development.js:25850:20)
    at performConcurrentWorkOnRoot (C:\Users\aloanand\Desktop\courses\photowall\node_modules\react-dom\cjs\react-dom.development.js:25750:22)
    at flushActQueue (C:\Users\aloanand\Desktop\courses\photowall\node_modules\react\cjs\react.development.js:2667:24)
    at act (C:\Users\aloanand\Desktop\courses\photowall\node_modules\react\cjs\react.development.js:2582:11)
    at C:\Users\aloanand\Desktop\courses\photowall\node_modules\@testing-library\react\dist\act-compat.js:63:25
    at renderRoot (C:\Users\aloanand\Desktop\courses\photowall\node_modules\@testing-library\react\dist\pure.js:159:26)
    at render (C:\Users\aloanand\Desktop\courses\photowall\node_modules\@testing-library\react\dist\pure.js:246:10)
    at Object.<anonymous> (C:\Users\aloanand\Desktop\courses\photowall\src\Components\__tests__\Main.test.js:11:11)
    at Promise.then.completed (C:\Users\aloanand\Desktop\courses\photowall\node_modules\jest-circus\build\utils.js:391:28)
    at new Promise (<anonymous>)
    at callAsyncCircusFn (C:\Users\aloanand\Desktop\courses\photowall\node_modules\jest-circus\build\utils.js:316:10)
    at _callCircusTest (C:\Users\aloanand\Desktop\courses\photowall\node_modules\jest-circus\build\run.js:218:40)
    at processTicksAndRejections (node:internal/process/task_queues:96:5)
    at _runTest (C:\Users\aloanand\Desktop\courses\photowall\node_modules\jest-circus\build\run.js:155:3)
    at _runTestsForDescribeBlock (C:\Users\aloanand\Desktop\courses\photowall\node_modules\jest-circus\build\run.js:66:9)
    at _runTestsForDescribeBlock (C:\Users\aloanand\Desktop\courses\photowall\node_modules\jest-circus\build\run.js:60:9)
    at run (C:\Users\aloanand\Desktop\courses\photowall\node_modules\jest-circus\build\run.js:25:3)
    at runAndTransformResultsToJestFormat (C:\Users\aloanand\Desktop\courses\photowall\node_modules\jest-circus\build\legacy-code-todo-rewrite\jestAdapterInit.js:170:21)
    at jestAdapter (C:\Users\aloanand\Desktop\courses\photowall\node_modules\jest-circus\build\legacy-code-todo-rewrite\jestAdapter.js:82:19)
    at runTestInternal (C:\Users\aloanand\Desktop\courses\photowall\node_modules\jest-runner\build\runTest.js:389:16)
    at runTest (C:\Users\aloanand\Desktop\courses\photowall\node_modules\jest-runner\build\runTest.js:475:34)
    at Object.worker (C:\Users\aloanand\Desktop\courses\photowall\node_modules\jest-runner\build\testWorker.js:133:12)]]></failure>
    </testCase>
  </file>
  <file path="C:\Users\aloanand\Desktop\courses\photowall\src\Components\__tests__\Title.test.js">
    <testCase name="Testing Title /&gt; should render Title" duration="53"/>
  </file>
</testExecutions>