{"C:\\Users\\aloanand\\Desktop\\courses\\photowall\\src\\index.js": {"path":"C:\\Users\\aloanand\\Desktop\\courses\\photowall\\src\\index.js","statementMap":{"0":{"start":{"line":11,"column":14},"end":{"line":11,"column":38}},"1":{"start":{"line":13,"column":0},"end":{"line":13,"column":123}}},"fnMap":{},"branchMap":{},"s":{"0":0,"1":0},"f":{},"b":{}}
,"C:\\Users\\aloanand\\Desktop\\courses\\photowall\\src\\reportWebVitals.js": {"path":"C:\\Users\\aloanand\\Desktop\\courses\\photowall\\src\\reportWebVitals.js","statementMap":{"0":{"start":{"line":1,"column":24},"end":{"line":11,"column":1}},"1":{"start":{"line":2,"column":2},"end":{"line":10,"column":3}},"2":{"start":{"line":3,"column":4},"end":{"line":9,"column":7}},"3":{"start":{"line":4,"column":6},"end":{"line":4,"column":26}},"4":{"start":{"line":5,"column":6},"end":{"line":5,"column":26}},"5":{"start":{"line":6,"column":6},"end":{"line":6,"column":26}},"6":{"start":{"line":7,"column":6},"end":{"line":7,"column":26}},"7":{"start":{"line":8,"column":6},"end":{"line":8,"column":27}}},"fnMap":{"0":{"name":"(anonymous_0)","decl":{"start":{"line":1,"column":24},"end":{"line":1,"column":25}},"loc":{"start":{"line":1,"column":39},"end":{"line":11,"column":1}},"line":1},"1":{"name":"(anonymous_1)","decl":{"start":{"line":3,"column":30},"end":{"line":3,"column":31}},"loc":{"start":{"line":3,"column":79},"end":{"line":9,"column":5}},"line":3}},"branchMap":{"0":{"loc":{"start":{"line":2,"column":2},"end":{"line":10,"column":3}},"type":"if","locations":[{"start":{"line":2,"column":2},"end":{"line":10,"column":3}},{"start":{},"end":{}}],"line":2},"1":{"loc":{"start":{"line":2,"column":6},"end":{"line":2,"column":52}},"type":"binary-expr","locations":[{"start":{"line":2,"column":6},"end":{"line":2,"column":17}},{"start":{"line":2,"column":21},"end":{"line":2,"column":52}}],"line":2}},"s":{"0":0,"1":0,"2":0,"3":0,"4":0,"5":0,"6":0,"7":0},"f":{"0":0,"1":0},"b":{"0":[0,0],"1":[0,0]}}
,"C:\\Users\\aloanand\\Desktop\\courses\\photowall\\src\\Components\\AddPhoto.js": {"path":"C:\\Users\\aloanand\\Desktop\\courses\\photowall\\src\\Components\\AddPhoto.js","statementMap":{"0":{"start":{"line":6,"column":8},"end":{"line":6,"column":15}},"1":{"start":{"line":7,"column":8},"end":{"line":7,"column":54}},"2":{"start":{"line":11,"column":8},"end":{"line":11,"column":31}},"3":{"start":{"line":12,"column":26},"end":{"line":12,"column":58}},"4":{"start":{"line":13,"column":28},"end":{"line":13,"column":67}},"5":{"start":{"line":14,"column":21},"end":{"line":18,"column":9}},"6":{"start":{"line":19,"column":8},"end":{"line":22,"column":9}},"7":{"start":{"line":20,"column":12},"end":{"line":20,"column":36}},"8":{"start":{"line":21,"column":12},"end":{"line":21,"column":42}},"9":{"start":{"line":25,"column":8},"end":{"line":37,"column":9}}},"fnMap":{"0":{"name":"(anonymous_0)","decl":{"start":{"line":5,"column":4},"end":{"line":5,"column":5}},"loc":{"start":{"line":5,"column":18},"end":{"line":8,"column":5}},"line":5},"1":{"name":"(anonymous_1)","decl":{"start":{"line":10,"column":4},"end":{"line":10,"column":5}},"loc":{"start":{"line":10,"column":24},"end":{"line":23,"column":5}},"line":10},"2":{"name":"(anonymous_2)","decl":{"start":{"line":24,"column":4},"end":{"line":24,"column":5}},"loc":{"start":{"line":24,"column":13},"end":{"line":38,"column":5}},"line":24}},"branchMap":{"0":{"loc":{"start":{"line":19,"column":8},"end":{"line":22,"column":9}},"type":"if","locations":[{"start":{"line":19,"column":8},"end":{"line":22,"column":9}},{"start":{},"end":{}}],"line":19},"1":{"loc":{"start":{"line":19,"column":11},"end":{"line":19,"column":35}},"type":"binary-expr","locations":[{"start":{"line":19,"column":11},"end":{"line":19,"column":22}},{"start":{"line":19,"column":26},"end":{"line":19,"column":35}}],"line":19}},"s":{"0":1,"1":1,"2":0,"3":0,"4":0,"5":0,"6":0,"7":0,"8":0,"9":1},"f":{"0":1,"1":0,"2":1},"b":{"0":[0,0],"1":[0,0]},"_coverageSchema":"1a1c01bbd47fc00a2c39e90264f33305004495a9","hash":"b6b58134ced5388a7f783bd3e0912a5791b0596a"}
,"C:\\Users\\aloanand\\Desktop\\courses\\photowall\\src\\Components\\App.js": {"path":"C:\\Users\\aloanand\\Desktop\\courses\\photowall\\src\\Components\\App.js","statementMap":{"0":{"start":{"line":8,"column":4},"end":{"line":10,"column":5}},"1":{"start":{"line":14,"column":4},"end":{"line":14,"column":48}},"2":{"start":{"line":17,"column":12},"end":{"line":17,"column":74}}},"fnMap":{"0":{"name":"mapStateToProps","decl":{"start":{"line":7,"column":9},"end":{"line":7,"column":24}},"loc":{"start":{"line":7,"column":32},"end":{"line":11,"column":1}},"line":7},"1":{"name":"mapDispatchToProps","decl":{"start":{"line":13,"column":9},"end":{"line":13,"column":27}},"loc":{"start":{"line":13,"column":38},"end":{"line":15,"column":1}},"line":13}},"branchMap":{},"s":{"0":0,"1":0,"2":0},"f":{"0":0,"1":0},"b":{}}
,"C:\\Users\\aloanand\\Desktop\\courses\\photowall\\src\\Components\\Main.js": {"path":"C:\\Users\\aloanand\\Desktop\\courses\\photowall\\src\\Components\\Main.js","statementMap":{"0":{"start":{"line":11,"column":8},"end":{"line":11,"column":15}},"1":{"start":{"line":16,"column":8},"end":{"line":16,"column":31}},"2":{"start":{"line":17,"column":8},"end":{"line":32,"column":14}},"3":{"start":{"line":19,"column":16},"end":{"line":22,"column":22}},"4":{"start":{"line":27,"column":16},"end":{"line":29,"column":22}}},"fnMap":{"0":{"name":"(anonymous_0)","decl":{"start":{"line":10,"column":4},"end":{"line":10,"column":5}},"loc":{"start":{"line":10,"column":18},"end":{"line":12,"column":5}},"line":10},"1":{"name":"(anonymous_1)","decl":{"start":{"line":15,"column":4},"end":{"line":15,"column":5}},"loc":{"start":{"line":15,"column":13},"end":{"line":33,"column":5}},"line":15},"2":{"name":"(anonymous_2)","decl":{"start":{"line":18,"column":42},"end":{"line":18,"column":43}},"loc":{"start":{"line":19,"column":16},"end":{"line":22,"column":22}},"line":19},"3":{"name":"(anonymous_3)","decl":{"start":{"line":26,"column":44},"end":{"line":26,"column":45}},"loc":{"start":{"line":27,"column":16},"end":{"line":29,"column":22}},"line":27}},"branchMap":{},"s":{"0":1,"1":1,"2":1,"3":1,"4":0},"f":{"0":1,"1":1,"2":1,"3":0},"b":{},"_coverageSchema":"1a1c01bbd47fc00a2c39e90264f33305004495a9","hash":"da571764b34e186c8ff0eae731be250f408ee042"}
,"C:\\Users\\aloanand\\Desktop\\courses\\photowall\\src\\Components\\Photo.js": {"path":"C:\\Users\\aloanand\\Desktop\\courses\\photowall\\src\\Components\\Photo.js","statementMap":{"0":{"start":{"line":6,"column":17},"end":{"line":6,"column":27}},"1":{"start":{"line":7,"column":4},"end":{"line":16,"column":13}},"2":{"start":{"line":12,"column":16},"end":{"line":12,"column":45}},"3":{"start":{"line":19,"column":0},"end":{"line":21,"column":1}}},"fnMap":{"0":{"name":"Photo","decl":{"start":{"line":5,"column":9},"end":{"line":5,"column":14}},"loc":{"start":{"line":5,"column":22},"end":{"line":17,"column":1}},"line":5},"1":{"name":"(anonymous_1)","decl":{"start":{"line":11,"column":29},"end":{"line":11,"column":30}},"loc":{"start":{"line":11,"column":35},"end":{"line":13,"column":13}},"line":11}},"branchMap":{},"s":{"0":7,"1":7,"2":0,"3":3},"f":{"0":7,"1":0},"b":{},"_coverageSchema":"1a1c01bbd47fc00a2c39e90264f33305004495a9","hash":"681ba02f160468fef834094855a85cc8babceb2b"}
,"C:\\Users\\aloanand\\Desktop\\courses\\photowall\\src\\Components\\PhotoWall.js": {"path":"C:\\Users\\aloanand\\Desktop\\courses\\photowall\\src\\Components\\PhotoWall.js","statementMap":{"0":{"start":{"line":7,"column":4},"end":{"line":16,"column":10}},"1":{"start":{"line":12,"column":16},"end":{"line":12,"column":34}},"2":{"start":{"line":14,"column":34},"end":{"line":14,"column":91}},"3":{"start":{"line":19,"column":0},"end":{"line":21,"column":1}}},"fnMap":{"0":{"name":"PhotoWall","decl":{"start":{"line":6,"column":9},"end":{"line":6,"column":18}},"loc":{"start":{"line":6,"column":26},"end":{"line":17,"column":1}},"line":6},"1":{"name":"(anonymous_1)","decl":{"start":{"line":11,"column":18},"end":{"line":11,"column":19}},"loc":{"start":{"line":11,"column":32},"end":{"line":13,"column":13}},"line":11},"2":{"name":"(anonymous_2)","decl":{"start":{"line":14,"column":17},"end":{"line":14,"column":18}},"loc":{"start":{"line":14,"column":34},"end":{"line":14,"column":91}},"line":14}},"branchMap":{},"s":{"0":2,"1":4,"2":6,"3":2},"f":{"0":2,"1":4,"2":6},"b":{},"_coverageSchema":"1a1c01bbd47fc00a2c39e90264f33305004495a9","hash":"ffb7aec2a91a811113212e85633ce889a805421c"}
,"C:\\Users\\aloanand\\Desktop\\courses\\photowall\\src\\Components\\Title.js": {"path":"C:\\Users\\aloanand\\Desktop\\courses\\photowall\\src\\Components\\Title.js","statementMap":{"0":{"start":{"line":4,"column":4},"end":{"line":4,"column":57}}},"fnMap":{"0":{"name":"Title","decl":{"start":{"line":3,"column":9},"end":{"line":3,"column":14}},"loc":{"start":{"line":3,"column":22},"end":{"line":5,"column":1}},"line":3}},"branchMap":{},"s":{"0":2},"f":{"0":2},"b":{},"_coverageSchema":"1a1c01bbd47fc00a2c39e90264f33305004495a9","hash":"8803dc7b125a64ffb928aac6b31f58e2fcbc1258"}
,"C:\\Users\\aloanand\\Desktop\\courses\\photowall\\src\\data\\fakeData.js": {"path":"C:\\Users\\aloanand\\Desktop\\courses\\photowall\\src\\data\\fakeData.js","statementMap":{"0":{"start":{"line":2,"column":14},"end":{"line":17,"column":1}}},"fnMap":{},"branchMap":{},"s":{"0":3},"f":{},"b":{},"_coverageSchema":"1a1c01bbd47fc00a2c39e90264f33305004495a9","hash":"3b786cd723eca9c5b87631998de383e663baf333"}
,"C:\\Users\\aloanand\\Desktop\\courses\\photowall\\src\\data\\posts.js": {"path":"C:\\Users\\aloanand\\Desktop\\courses\\photowall\\src\\data\\posts.js","statementMap":{"0":{"start":{"line":2,"column":14},"end":{"line":15,"column":2}}},"fnMap":{},"branchMap":{},"s":{"0":0},"f":{},"b":{}}
,"C:\\Users\\aloanand\\Desktop\\courses\\photowall\\src\\redux\\actions.js": {"path":"C:\\Users\\aloanand\\Desktop\\courses\\photowall\\src\\redux\\actions.js","statementMap":{"0":{"start":{"line":4,"column":4},"end":{"line":7,"column":5}},"1":{"start":{"line":11,"column":4},"end":{"line":14,"column":5}}},"fnMap":{"0":{"name":"removePost","decl":{"start":{"line":3,"column":16},"end":{"line":3,"column":26}},"loc":{"start":{"line":3,"column":34},"end":{"line":8,"column":1}},"line":3},"1":{"name":"addPost","decl":{"start":{"line":10,"column":16},"end":{"line":10,"column":23}},"loc":{"start":{"line":10,"column":30},"end":{"line":15,"column":1}},"line":10}},"branchMap":{},"s":{"0":0,"1":0},"f":{"0":0,"1":0},"b":{},"_coverageSchema":"1a1c01bbd47fc00a2c39e90264f33305004495a9","hash":"574b8bf8b208b0dcc379929505622c163d5be011"}
,"C:\\Users\\aloanand\\Desktop\\courses\\photowall\\src\\redux\\reducer.js": {"path":"C:\\Users\\aloanand\\Desktop\\courses\\photowall\\src\\redux\\reducer.js","statementMap":{"0":{"start":{"line":3,"column":20},"end":{"line":11,"column":1}},"1":{"start":{"line":4,"column":4},"end":{"line":4,"column":29}},"2":{"start":{"line":6,"column":4},"end":{"line":10,"column":5}},"3":{"start":{"line":7,"column":28},"end":{"line":7,"column":100}},"4":{"start":{"line":8,"column":25},"end":{"line":8,"column":55}},"5":{"start":{"line":9,"column":17},"end":{"line":9,"column":29}}},"fnMap":{"0":{"name":"post","decl":{"start":{"line":3,"column":29},"end":{"line":3,"column":33}},"loc":{"start":{"line":3,"column":57},"end":{"line":11,"column":1}},"line":3}},"branchMap":{"0":{"loc":{"start":{"line":3,"column":34},"end":{"line":3,"column":47}},"type":"default-arg","locations":[{"start":{"line":3,"column":42},"end":{"line":3,"column":47}}],"line":3},"1":{"loc":{"start":{"line":6,"column":4},"end":{"line":10,"column":5}},"type":"switch","locations":[{"start":{"line":7,"column":8},"end":{"line":7,"column":100}},{"start":{"line":8,"column":8},"end":{"line":8,"column":55}},{"start":{"line":9,"column":8},"end":{"line":9,"column":29}}],"line":6}},"s":{"0":0,"1":0,"2":0,"3":0,"4":0,"5":0},"f":{"0":0},"b":{"0":[0],"1":[0,0,0]}}
}
