TN:
SF:src\index.js
FNF:0
FNH:0
DA:11,0
DA:13,0
LF:2
LH:0
BRF:0
BRH:0
end_of_record
TN:
SF:src\reportWebVitals.js
FN:1,(anonymous_0)
FN:3,(anonymous_1)
FNF:2
FNH:0
FNDA:0,(anonymous_0)
FNDA:0,(anonymous_1)
DA:1,0
DA:2,0
DA:3,0
DA:4,0
DA:5,0
DA:6,0
DA:7,0
DA:8,0
LF:8
LH:0
BRDA:2,0,0,0
BRDA:2,0,1,0
BRDA:2,1,0,0
BRDA:2,1,1,0
BRF:4
BRH:0
end_of_record
TN:
SF:src\Components\AddPhoto.js
FN:5,(anonymous_0)
FN:10,(anonymous_1)
FN:24,(anonymous_2)
FNF:3
FNH:2
FNDA:1,(anonymous_0)
FNDA:0,(anonymous_1)
FNDA:1,(anonymous_2)
DA:6,1
DA:7,1
DA:11,0
DA:12,0
DA:13,0
DA:14,0
DA:19,0
DA:20,0
DA:21,0
DA:25,1
LF:10
LH:3
BRDA:19,0,0,0
BRDA:19,0,1,0
BRDA:19,1,0,0
BRDA:19,1,1,0
BRF:4
BRH:0
end_of_record
TN:
SF:src\Components\App.js
FN:7,mapStateToProps
FN:13,mapDispatchToProps
FNF:2
FNH:0
FNDA:0,mapStateToProps
FNDA:0,mapDispatchToProps
DA:8,0
DA:14,0
DA:17,0
LF:3
LH:0
BRF:0
BRH:0
end_of_record
TN:
SF:src\Components\Main.js
FN:10,(anonymous_0)
FN:15,(anonymous_1)
FN:18,(anonymous_2)
FN:26,(anonymous_3)
FNF:4
FNH:3
FNDA:3,(anonymous_0)
FNDA:2,(anonymous_1)
FNDA:2,(anonymous_2)
FNDA:0,(anonymous_3)
DA:11,3
DA:17,2
DA:19,2
DA:27,0
LF:4
LH:3
BRF:0
BRH:0
end_of_record
TN:
SF:src\Components\Photo.js
FN:5,Photo
FN:11,(anonymous_1)
FNF:2
FNH:1
FNDA:6,Photo
FNDA:0,(anonymous_1)
DA:6,6
DA:7,4
DA:12,0
DA:19,2
LF:4
LH:3
BRF:0
BRH:0
end_of_record
TN:
SF:src\Components\PhotoWall.js
FN:6,PhotoWall
FN:11,(anonymous_1)
FN:14,(anonymous_2)
FNF:3
FNH:1
FNDA:6,PhotoWall
FNDA:0,(anonymous_1)
FNDA:0,(anonymous_2)
DA:7,6
DA:12,0
DA:14,0
DA:19,1
LF:4
LH:2
BRF:0
BRH:0
end_of_record
TN:
SF:src\Components\Title.js
FN:3,Title
FNF:1
FNH:1
FNDA:3,Title
DA:4,3
LF:1
LH:1
BRF:0
BRH:0
end_of_record
TN:
SF:src\data\posts.js
FNF:0
FNH:0
DA:2,0
LF:1
LH:0
BRF:0
BRH:0
end_of_record
TN:
SF:src\redux\actions.js
FN:3,removePost
FN:10,addPost
FNF:2
FNH:0
FNDA:0,removePost
FNDA:0,addPost
DA:4,0
DA:11,0
LF:2
LH:0
BRF:0
BRH:0
end_of_record
TN:
SF:src\redux\reducer.js
FN:3,post
FNF:1
FNH:0
FNDA:0,post
DA:3,0
DA:4,0
DA:6,0
DA:7,0
DA:8,0
DA:9,0
LF:6
LH:0
BRDA:3,0,0,0
BRDA:6,1,0,0
BRDA:6,1,1,0
BRDA:6,1,2,0
BRF:4
BRH:0
end_of_record
